xrun(64): 20.09-s009: (c) Copyright 1995-2021 Cadence Design Systems, Inc.
TOOL:	xrun(64)	20.09-s009: Started on Jul 25, 2025 at 14:37:25 IST
xrun
	-access +rwc
	-f compile.f
		./../../MEM_ctrl_AXI/MC_CSR_reg.sv
		./../../MEM_ctrl_AXI/parity_calculator_rd.sv
		./../../MEM_ctrl_AXI/err_det_corr.sv
		./../../MEM_ctrl_AXI/data_decoding.sv
		./../../MEM_ctrl_AXI/ECC_decoding_top.sv
		./../../MEM_ctrl_AXI/parity_calculator_wr.sv
		./../../MEM_ctrl_AXI/data_encoding.sv
		./../../MEM_ctrl_AXI/ECC_encoding_top.sv
		./../../MEM_ctrl_AXI/dual_port_ram.sv
		./../../MEM_ctrl_AXI/Memory_Controller_ECC.sv
		./../../MEM_ctrl_AXI/AXI4_slave.sv
		./../../MEM_ctrl_AXI/Zilla_mem_ctrl_Top.sv
		./../../MEM_ctrl_AXI/rggen_files/rggen_adapter_common.v
		./../../MEM_ctrl_AXI/rggen_files/rggen_address_decoder.v
		./../../MEM_ctrl_AXI/rggen_files/rggen_apb_adapter.v
		./../../MEM_ctrl_AXI/rggen_files/rggen_apb_bridge.v
		./../../MEM_ctrl_AXI/rggen_files/rggen_axi4lite_adapter.v
		./../../MEM_ctrl_AXI/rggen_files/rggen_axi4lite_bridge.v
		./../../MEM_ctrl_AXI/rggen_files/rggen_axi4lite_skid_buffer.v
		./../../MEM_ctrl_AXI/rggen_files/rggen_bit_field.v
		./../../MEM_ctrl_AXI/rggen_files/rggen_bit_field_w01trg.v
		./../../MEM_ctrl_AXI/rggen_files/rggen_default_register.v
		./../../MEM_ctrl_AXI/rggen_files/rggen_external_register.v
		./../../MEM_ctrl_AXI/rggen_files/rggen_indirect_register.v
		./../../MEM_ctrl_AXI/rggen_files/rggen_mux.v
		./../../MEM_ctrl_AXI/rggen_files/rggen_or_reducer.v
		./../../MEM_ctrl_AXI/rggen_files/rggen_register_common.v
		./../../MEM_ctrl_AXI/rggen_files/rggen_rtl_macros.vh
		./../../MEM_ctrl_AXI/rggen_files/rggen_wishbone_adapter.v
		./../../MEM_ctrl_AXI/rggen_files/rggen_wishbone_bridge.v
		./../uvme/top/zmc_master_axi_interface.sv
		./../uvme/top/apb_interface.sv
		./../uvme/top/local_intf.sv
		./../uvme/package/test_pkg.sv
		./../uvme/top/zmc_top.sv
	-uvmhome CDNS-1.1d
	+UVM_TESTNAME=mem_initialisation_test
Recompiling... reason: file './env/ecc_block.sv' is newer than expected.
	expected: Tue Jul 15 12:33:07 2025
	actual:   Fri Jul 25 14:30:02 2025
Compiling UVM packages (uvm_pkg.sv cdns_uvm_pkg.sv) using uvmhome location /tools/cadence_march2021/XCELIUM2009/tools/methodology/UVM/CDNS-1.1d
file: ./../uvme/package/test_pkg.sv
     this.randomize();
                  |
xmvlog: *W,FUNTSK (./../uvme/sequences/zmc_wr_seq.sv,497|18): function called as a task without void'().
(`include file: ./../uvme/sequences/zmc_wr_seq.sv line 497, file: ./../uvme/package/test_pkg.sv line 23)
package test_pkg;
               |
xmvlog: *W,TSNSPK (./../uvme/package/test_pkg.sv,3|15): `timescale is not specified for the package.  The default timescale of 1ns/1ns will be assumed for this package.
           uvm_hdl_read("zmc_top.dut.mem_ctrl_inst.CSR_registers_inst.o_ECC_STAUS_REG_ECC_STATUS[31:0]", signal_value);
                      |
xmvlog: *W,FUNTSK (./../uvme/env/scoreboard/zmc_sbd.sv,80|22): function called as a task without void'().
           uvm_hdl_read("zmc_top.dut.mem_ctrl_inst.CSR_registers_inst.o_ECC_STAUS_REG_ECC_STATUS[31:0]", signal_value);
                      |
xmvlog: *W,FUNTSK (./../uvme/env/scoreboard/zmc_sbd.sv,85|22): function called as a task without void'().
		Caching library 'worklib' ....... Done
	Elaborating the design hierarchy:
    .INSERT_SLICER        (INSERT_SLICER)
                 |
xmelab: *W,CUVUKP (/home/sgeuser33/vidya/project/memory_controller_with_ECC/MEM_ctrl_AXI/MC_CSR_reg.sv,55|17): The name 'INSERT_SLICER' is not declared in the instantiated module (defined at /home/sgeuser33/vidya/project/memory_controller_with_ECC/MEM_ctrl_AXI/rggen_files/rggen_apb_adapter.v,1).
	Top level design units:
		uvm_pkg
		cdns_uvmapi
		cdns_assert2uvm_pkg
		cdns_uvm_pkg
		test_pkg
		rggen_apb_bridge
		rggen_axi4lite_adapter
		rggen_axi4lite_bridge
		rggen_bit_field_w01trg
		rggen_external_register
		rggen_indirect_register
		rggen_wishbone_adapter
		rggen_wishbone_bridge
		local_intf
		zmc_top
		Caching library 'worklib' ....... Done
xmelab: *W,DSEMEL: This SystemVerilog design will be simulated as per IEEE 1800-2009 SystemVerilog simulation semantics. Use -disable_sem2009 option for turning off SV 2009 simulation semantics.
    `uvm_info("DRV", $sformatf("Mode : Write WDATA : %h ADDR : %0d", apb_vif.apb_driver_cb.i_pwdata, apb_vif.apb_driver_cb.i_paddr), UVM_NONE)        
                                                                                                                                             |
xmelab: *W,CONOTR (./apb_agent/apb_driver/apb_driver.sv,36|141): A clocking output is not a legal rvalue [IEEE STD 1800-2009].
    `uvm_info("DRV", $sformatf("Mode : Write WDATA : %h ADDR : %0d", apb_vif.apb_driver_cb.i_pwdata, apb_vif.apb_driver_cb.i_paddr), UVM_NONE)        
                                                                                                                                             |
xmelab: *W,CONOTR (./apb_agent/apb_driver/apb_driver.sv,36|141): A clocking output is not a legal rvalue [IEEE STD 1800-2009].
	Building instance overlay tables: .................... Done
	Building instance specific data structures.
	Loading native compiled code:     .................... Done
	Design hierarchy summary:
		                       Instances  Unique
		Modules:                      80      30
		Interfaces:                    3       3
		Verilog packages:              5       5
		Registers:                 16974   11121
		Scalar wires:                418       -
		Expanded wires:             1414      62
		Vectored wires:              475       -
		Named events:                  4      12
		Always blocks:                78      77
		Initial blocks:              388     191
		Clocking blocks:               4       4
		Clocking items:               74      74
		Parallel blocks:              40      41
		Cont. assignments:           331     246
		Pseudo assignments:          178     178
		Assertions:                    2       2
		Covergroup Instances:          0       3
		SV Class declarations:       230     341
		SV Class specializations:    473     473
	Writing initial simulation snapshot: worklib.rggen_apb_bridge:v
Loading snapshot worklib.rggen_apb_bridge:v .................... Done
SVSEED default: 1
xmsim: *W,RNDXCELON: A newer version of the SystemVerilog constraint solver is being used which has better support for array-solving, new solve-order mechanism, and seed stability enhancements..
xmsim: *W,DSEM2009: This SystemVerilog design is simulated as per IEEE 1800-2009 SystemVerilog simulation semantics. Use -disable_sem2009 option for turning off SV 2009 simulation semantics.
xcelium> source /tools/cadence_march2021/XCELIUM2009/tools/xcelium/files/xmsimrc
xcelium> source /tools/cadence_march2021/XCELIUM2009/tools/methodology/UVM/CDNS-1.1d/additions/sv/files/tcl/uvm_sim.tcl
xcelium> run
----------------------------------------------------------------
CDNS-UVM-1.1d (20.09-s009)
(C) 2007-2013 Mentor Graphics Corporation
(C) 2007-2013 Cadence Design Systems, Inc.
(C) 2006-2013 Synopsys, Inc.
(C) 2011-2013 Cypress Semiconductor Corp.
----------------------------------------------------------------

  ***********       IMPORTANT RELEASE NOTES         ************

  You are using a version of the UVM library that has been compiled
  with `UVM_NO_DEPRECATED undefined.
  See http://www.eda.org/svdb/view.php?id=3313 for more details.

  You are using a version of the UVM library that has been compiled
  with `UVM_OBJECT_MUST_HAVE_CONSTRUCTOR undefined.
  See http://www.eda.org/svdb/view.php?id=3770 for more details.

      (Specify +UVM_NO_RELNOTES to turn off this notice)

UVM_INFO @ 0: reporter [RNTST] Running test mem_initialisation_test...
UVM_INFO ./../uvme/env/zmc_env.sv(33) @ 0: uvm_test_top.env [SEQ] Register model handle is valid: regmodel
UVM_INFO @ 0: reporter [UVMTOP] UVM testbench topology:
-------------------------------------------------------------------
Name                       Type                         Size  Value
-------------------------------------------------------------------
uvm_test_top               mem_initialisation_test      -     @2786
  env                      zmc_env                      -     @2846
    apb_agent_inst         apb_agent                    -     @2921
      apb_driver_inst      apb_driver                   -     @3351
        rsp_port           uvm_analysis_port            -     @3451
        seq_item_port      uvm_seq_item_pull_port       -     @3400
      apb_monitor_inst     apb_monitor                  -     @4066
        analysis_port      uvm_analysis_port            -     @4170
      apb_sequencer_inst   apb_sequencer                -     @3430
        rsp_export         uvm_analysis_export          -     @3539
        seq_item_export    uvm_seq_item_pull_imp        -     @4087
        arbitration_queue  array                        0     -    
        lock_queue         array                        0     -    
        num_last_reqs      integral                     32    'd1  
        num_last_rsps      integral                     32    'd1  
    cov1                   zmc_cov1                     -     @2982
      analysis_imp         uvm_analysis_imp             -     @3031
    cov2                   zmc_cov2                     -     @3065
      analysis_imp         uvm_analysis_imp             -     @3114
    magent                 zmc_master_agent             -     @2891
      mdriver              zmc_master_driver            -     @4227
        rsp_port           uvm_analysis_port            -     @4327
        seq_item_port      uvm_seq_item_pull_port       -     @4276
      mmonitor             zmc_master_monitor           -     @4941
        analysis_port      uvm_analysis_port            -     @5045
      msequencer           zmc_master_sequencer         -     @4306
        rsp_export         uvm_analysis_export          -     @4414
        seq_item_export    uvm_seq_item_pull_imp        -     @4962
        arbitration_queue  array                        0     -    
        lock_queue         array                        0     -    
        num_last_reqs      integral                     32    'd1  
        num_last_rsps      integral                     32    'd1  
    predictor_inst         uvm_reg_predictor #(apb_tx)  -     @3215
      bus_in               uvm_analysis_imp             -     @3268
      reg_ap               uvm_analysis_port            -     @3317
    sbd                    zmc_sbd                      -     @2951
      apb_fifo             uvm_tlm_analysis_fifo #(T)   -     @5367
        analysis_export    uvm_analysis_imp             -     @5609
        get_ap             uvm_analysis_port            -     @5559
        get_peek_export    uvm_get_peek_imp             -     @5463
        put_ap             uvm_analysis_port            -     @5511
        put_export         uvm_put_imp                  -     @5415
      axi_fifo             uvm_tlm_analysis_fifo #(T)   -     @5093
        analysis_export    uvm_analysis_imp             -     @5337
        get_ap             uvm_analysis_port            -     @5287
        get_peek_export    uvm_get_peek_imp             -     @5191
        put_ap             uvm_analysis_port            -     @5239
        put_export         uvm_put_imp                  -     @5143
-------------------------------------------------------------------

UVM_INFO ./../uvme/test_class/mem_initialisation_test.sv(21) @ 0: uvm_test_top [uvm_test_top] Inside the mem_init test
UVM_INFO ./../uvme/env/scoreboard/zmc_sbd.sv(38) @ 0: uvm_test_top.env.sbd [SBD TX SIGNALS] sbd txn
UVM_INFO ./../uvme/sequences/zmc_wr_seq.sv(120) @ 0: uvm_test_top.env.magent.msequencer@@wr_seq_inst [zmc_wr_seq] Starting memory initialization test...
UVM_INFO ./../uvme/sequences/zmc_wr_seq.sv(125) @ 0: uvm_test_top.env.magent.msequencer@@wr_seq_inst [zmc_wr_seq] GLOBAL_MEM_INIT is 1. Memory will be initialized to 32'h11111111.
UVM_INFO ./../uvme/wr_agent/wr_monitor/zmc_master_monitor.sv(47) @ 163955: uvm_test_top.env.magent.mmonitor [ZMC_MON_INFO] WRITE ADDR | Addr: 0x00000100, Burst: 01, Length: 0
UVM_INFO ./../uvme/wr_agent/wr_monitor/zmc_master_monitor.sv(56) @ 163965: uvm_test_top.env.magent.mmonitor [ZMC_MON_INFO] WRITE DATA | Data: '{'h1c3f5af1}, Strb: 0xf, WLAST: 1
UVM_INFO ./../uvme/wr_agent/wr_monitor/zmc_master_monitor.sv(64) @ 163995: uvm_test_top.env.magent.mmonitor [ZMC_MON_INFO] WRITE RESPONSE | BRESP: 00
UVM_INFO ./../uvme/wr_agent/wr_monitor/zmc_master_monitor.sv(66) @ 163995: uvm_test_top.env.magent.mmonitor [zmc_master_monitor] FIFO Size: 2
UVM_INFO ./../uvme/wr_agent/wr_monitor/zmc_master_monitor.sv(68) @ 163995: uvm_test_top.env.magent.mmonitor [ZMC_MON_INFO] WRITE RESPONSE | BRESP: 00
      reference_mem_queue[addr] = tx.wdata[0];
                        |
xmsim: *W,RTSVQI (./env/scoreboard/zmc_sbd.sv,69|24): SystemVerilog queue index 256 is beyond the queue's writable range [0:0].
UVM_INFO ./../uvme/env/scoreboard/zmc_sbd.sv(73) @ 163995: uvm_test_top.env.sbd [SCRB_DEBUG] AXI Write: Addr=00000100, Data='{'h1c3f5af1}, Total Writes=1
UVM_INFO ./../uvme/env/scoreboard/zmc_sbd.sv(43) @ 163995: uvm_test_top.env.sbd [SCRB_DEBUG] Received AXI txn: Addr=00000100, Data='{'h1c3f5af1}, wr_rd=1
---------------------------------------------------
Name                Type           Size  Value     
---------------------------------------------------
tx                  zmc_master_tx  -     @5793     
  awaddr            integral       32    'h100     
  awlen             integral       4     'h0       
  awburst           integral       2     'h1       
  awvalid           integral       1     'h1       
  awready           integral       1     'h1       
  wdata             da(integral)   1     -         
    [0]             integral       32    'h1c3f5af1
  wstrb             integral       4     'hf       
  wlast             integral       1     'h1       
  wvalid            integral       1     'h1       
  wready            integral       1     'h1       
  bresp             integral       2     'h0       
  bvalid            integral       1     'h1       
  bready            integral       1     'h1       
  araddr            integral       32    'h0       
  arlen             integral       4     'h0       
  arburst           integral       2     'h0       
  arvalid           integral       1     'h0       
  arready           integral       1     'h0       
  rdata             da(integral)   0     -         
  rresp             integral       2     'h0       
  rlast             integral       1     'h0       
  rready            integral       1     'h0       
  rvalid            integral       1     'h0       
  zmc_top_mem_init  integral       1     'h0       
---------------------------------------------------
UVM_INFO ./../uvme/env/scoreboard/zmc_sbd.sv(38) @ 163995: uvm_test_top.env.sbd [SBD TX SIGNALS] sbd txn
UVM_INFO ./../uvme/wr_agent/wr_monitor/zmc_master_monitor.sv(78) @ 164255: uvm_test_top.env.magent.mmonitor [ZMC_MON_INFO] READ ADDR | Addr: 0x00000100, Burst: 00, Length: 0
UVM_INFO ./../uvme/sequences/zmc_wr_seq.sv(146) @ 164255: uvm_test_top.env.magent.msequencer@@wr_seq_inst [SAMPLE] tx.zmc_top_mem_init=1
UVM_INFO ./../uvme/test_class/mem_initialisation_test.sv(28) @ 164255: uvm_test_top [uvm_test_top] Inside the mem_init test done
UVM_INFO ./../uvme/wr_agent/wr_monitor/zmc_master_monitor.sv(87) @ 164265: uvm_test_top.env.magent.mmonitor [ZMC_MON_INFO] READ DATA | Data:'{'h1c3f5af1}, RLAST: 1, RRESP: 00
UVM_INFO ./../uvme/wr_agent/wr_monitor/zmc_master_monitor.sv(90) @ 164265: uvm_test_top.env.magent.mmonitor [ZMC_MON_INFO] READ DATA | Data:'{'h1c3f5af1}, RLAST: 1, RRESP: 00
UVM_INFO ./../uvme/env/scoreboard/zmc_sbd.sv(76) @ 164265: uvm_test_top.env.sbd [SCRB_DEBUG] AXI Read: Addr=00000100, Data='{'h1c3f5af1}, Total Reads=1
UVM_INFO ./../uvme/env/scoreboard/zmc_sbd.sv(119) @ 164265: uvm_test_top.env.sbd [SCRB] ECC disabled: Read mismatch!
UVM_INFO ./../uvme/env/scoreboard/zmc_sbd.sv(43) @ 164265: uvm_test_top.env.sbd [SCRB_DEBUG] Received AXI txn: Addr=00000100, Data='{'h1c3f5af1}, wr_rd=0
---------------------------------------------------
Name                Type           Size  Value     
---------------------------------------------------
tx                  zmc_master_tx  -     @5793     
  awaddr            integral       32    'h100     
  awlen             integral       4     'h0       
  awburst           integral       2     'h1       
  awvalid           integral       1     'h1       
  awready           integral       1     'h1       
  wdata             da(integral)   1     -         
    [0]             integral       32    'h1c3f5af1
  wstrb             integral       4     'hf       
  wlast             integral       1     'h1       
  wvalid            integral       1     'h1       
  wready            integral       1     'h1       
  bresp             integral       2     'h0       
  bvalid            integral       1     'h1       
  bready            integral       1     'h1       
  araddr            integral       32    'h100     
  arlen             integral       4     'h0       
  arburst           integral       2     'h0       
  arvalid           integral       1     'h1       
  arready           integral       1     'h1       
  rdata             da(integral)   1     -         
    [0]             integral       32    'h1c3f5af1
  rresp             integral       2     'h0       
  rlast             integral       1     'h1       
  rready            integral       1     'h1       
  rvalid            integral       1     'h1       
  zmc_top_mem_init  integral       1     'h0       
---------------------------------------------------
UVM_INFO ./../uvme/env/scoreboard/zmc_sbd.sv(38) @ 164265: uvm_test_top.env.sbd [SBD TX SIGNALS] sbd txn
UVM_INFO /tools/cadence_march2021/XCELIUM2009/tools/methodology/UVM/CDNS-1.1d/sv/src/base/uvm_objection.svh(1268) @ 165355: reporter [TEST_DONE] 'run' phase is ready to proceed to the 'extract' phase
UVM_INFO ./../uvme/env/scoreboard/zmc_sbd.sv(153) @ 165355: uvm_test_top.env.sbd [SCRB_REPORT] 
=== Scoreboard Report ===
Total Writes: 1
Total Reads: 1
Single Bit Errors: 0
Double Bit Errors: 0

--- UVM Report catcher Summary ---


Number of demoted UVM_FATAL reports  :    0
Number of demoted UVM_ERROR reports  :    0
Number of demoted UVM_WARNING reports:    0
Number of caught UVM_FATAL reports   :    0
Number of caught UVM_ERROR reports   :    0
Number of caught UVM_WARNING reports :    0

--- UVM Report Summary ---

** Report counts by severity
UVM_INFO :   26
UVM_WARNING :    0
UVM_ERROR :    0
UVM_FATAL :    0
** Report counts by id
[RNTST]     1
[SAMPLE]     1
[SBD TX SIGNALS]     3
[SCRB]     1
[SCRB_DEBUG]     4
[SCRB_REPORT]     1
[SEQ]     1
[TEST_DONE]     1
[UVMTOP]     1
[ZMC_MON_INFO]     7
[uvm_test_top]     2
[zmc_master_monitor]     1
[zmc_wr_seq]     2
Simulation complete via $finish(1) at time 165355 NS + 45
/tools/cadence_march2021/XCELIUM2009/tools/methodology/UVM/CDNS-1.1d/sv/src/base/uvm_root.svh:457     $finish;
xcelium> exit
TOOL:	xrun(64)	20.09-s009: Exiting on Jul 25, 2025 at 14:37:29 IST  (total: 00:00:04)
